<?xml version="1.0" encoding="UTF-8"?>
<!-- Generated by org.testng.reporters.JUnitReportReporter -->
<testsuite hostname="Muammer-MacBook-Pro.local" failures="0" tests="3" name="testclasses.TestNGDataProviders" time="0.025" errors="0" timestamp="18 Apr 2018 18:27:03 GMT" skipped="0">
  <testcase classname="testclasses.TestNGDataProviders" name="testMethod1" time="0.006"/>
  <testcase classname="testclasses.TestNGDataProviders" name="testMethod1" time="0.013"/>
  <testcase classname="testclasses.TestNGDataProviders" name="testMethod1" time="0.006"/>
</testsuite> <!-- testclasses.TestNGDataProviders -->
