<?xml version="1.0" encoding="UTF-8"?>
<!-- Generated by org.testng.reporters.JUnitReportReporter -->
<testsuite hostname="Muammer-MacBook-Pro.local" failures="0" tests="2" name="testclasses.TestNG_TestParallel2" time="12.022" errors="0" timestamp="18 Apr 2018 18:12:33 GMT" skipped="0">
  <testcase classname="testclasses.TestNG_TestParallel2" name="testMethod2" time="6.006"/>
  <testcase classname="testclasses.TestNG_TestParallel2" name="testMethod1" time="6.016"/>
</testsuite> <!-- testclasses.TestNG_TestParallel2 -->
