<?xml version="1.0" encoding="UTF-8"?>
<!-- Generated by org.testng.reporters.JUnitReportReporter -->
<testsuite hostname="Muammer-MacBook-Pro.local" failures="0" tests="2" name="testclasses.TestNG_TestParallel1" time="12.019" errors="0" timestamp="18 Apr 2018 18:12:33 GMT" skipped="0">
  <testcase classname="testclasses.TestNG_TestParallel1" name="testMethod1" time="6.016"/>
  <testcase classname="testclasses.TestNG_TestParallel1" name="testMethod2" time="6.003"/>
</testsuite> <!-- testclasses.TestNG_TestParallel1 -->
