<?xml version="1.0" encoding="UTF-8"?>
<!-- Generated by org.testng.reporters.JUnitReportReporter -->
<testsuite hostname="Muammer-MacBook-Pro.local" failures="0" tests="2" name="testclasses.TestNGAnnotation1" time="0.029" errors="0" timestamp="17 Apr 2018 19:17:07 GMT" skipped="0">
  <testcase classname="testclasses.TestNGAnnotation1" name="testMethod2" time="0.025"/>
  <testcase classname="testclasses.TestNGAnnotation1" name="testMethod1" time="0.004"/>
</testsuite> <!-- testclasses.TestNGAnnotation1 -->
