<?xml version="1.0" encoding="UTF-8"?>
<!-- Generated by org.testng.reporters.JUnitReportReporter -->
<testsuite hostname="Muammer-MacBook-Pro.local" failures="0" tests="2" name="testclasses.TestAnnotation1" time="0.029" errors="0" timestamp="17 Apr 2018 18:41:00 GMT" skipped="0">
  <testcase classname="testclasses.TestAnnotation1" name="testMethod1" time="0.024"/>
  <testcase classname="testclasses.TestAnnotation1" name="testMethod2" time="0.005"/>
</testsuite> <!-- testclasses.TestAnnotation1 -->
