<?xml version="1.0" encoding="UTF-8"?>
<!-- Generated by org.testng.reporters.JUnitReportReporter -->
<testsuite hostname="Muammer-MacBook-Pro.local" failures="0" tests="2" name="testclasses.RealTimeParallelExecution" time="0.733" errors="0" timestamp="18 Apr 2018 15:36:10 GMT" skipped="0">
  <testcase classname="testclasses.RealTimeParallelExecution" name="testLogin" time="0.395"/>
  <testcase classname="testclasses.RealTimeParallelExecution" name="testLogin" time="0.338"/>
</testsuite> <!-- testclasses.RealTimeParallelExecution -->
