<?xml version="1.0" encoding="UTF-8"?>
<!-- Generated by org.testng.reporters.JUnitReportReporter -->
<testsuite hostname="Muammer-MacBook-Pro.local" failures="0" tests="4" name="testclasses.TestNGPreserve2" time="0.010" errors="0" timestamp="18 Apr 2018 17:40:23 GMT" skipped="0">
  <testcase classname="testclasses.TestNGPreserve2" name="testMethod1" time="0.002"/>
  <testcase classname="testclasses.TestNGPreserve2" name="testMethod2" time="0.003"/>
  <testcase classname="testclasses.TestNGPreserve2" name="testMethod2" time="0.003"/>
  <testcase classname="testclasses.TestNGPreserve2" name="testMethod1" time="0.002"/>
</testsuite> <!-- testclasses.TestNGPreserve2 -->
