<?xml version="1.0" encoding="UTF-8"?>
<!-- Generated by org.testng.reporters.JUnitReportReporter -->
<testsuite hostname="Muammer-MacBook-Pro.local" failures="0" tests="2" name="testclasses.TestNGEnableTimeout" time="0.026" errors="0" timestamp="18 Apr 2018 17:31:40 GMT" skipped="1">
  <testcase classname="testclasses.TestNGEnableTimeout" name="testMethod2" time="0.026"/>
  <testcase classname="testclasses.TestNGEnableTimeout" name="testMethod1">
    <skipped/>
  </testcase> <!-- testMethod1 -->
</testsuite> <!-- testclasses.TestNGEnableTimeout -->
