<?xml version="1.0" encoding="UTF-8"?>
<!-- Generated by org.testng.reporters.JUnitReportReporter -->
<testsuite hostname="Muammer-MacBook-Pro.local" failures="0" tests="2" name="testclasses.TestNGAnnotation2" time="0.002" errors="0" timestamp="17 Apr 2018 19:11:12 GMT" skipped="0">
  <testcase classname="testclasses.TestNGAnnotation2" name="testMethod2" time="0.001"/>
  <testcase classname="testclasses.TestNGAnnotation2" name="testMethod1" time="0.001"/>
</testsuite> <!-- testclasses.TestNGAnnotation2 -->
